Performing C++ SOURCE FILE Test CMAKE_HAVE_LIBC_PTHREAD failed with the following output:
Change Dir: /home/vuongld/work/Software-Platform--cpp-challenge/draftImplementation/src/CMakeFiles/CMakeTmp

Run Build Command(s):/usr/bin/make cmTC_8d2ac/fast && /usr/bin/make -f CMakeFiles/cmTC_8d2ac.dir/build.make CMakeFiles/cmTC_8d2ac.dir/build
make[1]: Entering directory '/home/vuongld/work/Software-Platform--cpp-challenge/draftImplementation/src/CMakeFiles/CMakeTmp'
Building CXX object CMakeFiles/cmTC_8d2ac.dir/src.cxx.o
/usr/bin/c++    -std=c++11 -DCMAKE_HAVE_LIBC_PTHREAD   -o CMakeFiles/cmTC_8d2ac.dir/src.cxx.o -c /home/vuongld/work/Software-Platform--cpp-challenge/draftImplementation/src/CMakeFiles/CMakeTmp/src.cxx
Linking CXX executable cmTC_8d2ac
/usr/bin/cmake -E cmake_link_script CMakeFiles/cmTC_8d2ac.dir/link.txt --verbose=1
/usr/bin/c++   -std=c++11 -DCMAKE_HAVE_LIBC_PTHREAD    -rdynamic CMakeFiles/cmTC_8d2ac.dir/src.cxx.o  -o cmTC_8d2ac 
/usr/bin/ld: CMakeFiles/cmTC_8d2ac.dir/src.cxx.o: in function `main':
src.cxx:(.text+0x46): undefined reference to `pthread_create'
/usr/bin/ld: src.cxx:(.text+0x52): undefined reference to `pthread_detach'
/usr/bin/ld: src.cxx:(.text+0x63): undefined reference to `pthread_join'
collect2: error: ld returned 1 exit status
make[1]: *** [CMakeFiles/cmTC_8d2ac.dir/build.make:87: cmTC_8d2ac] Error 1
make[1]: Leaving directory '/home/vuongld/work/Software-Platform--cpp-challenge/draftImplementation/src/CMakeFiles/CMakeTmp'
make: *** [Makefile:121: cmTC_8d2ac/fast] Error 2


Source file was:
#include <pthread.h>

void* test_func(void* data)
{
  return data;
}

int main(void)
{
  pthread_t thread;
  pthread_create(&thread, NULL, test_func, NULL);
  pthread_detach(thread);
  pthread_join(thread, NULL);
  pthread_atfork(NULL, NULL, NULL);
  pthread_exit(NULL);

  return 0;
}

Determining if the function pthread_create exists in the pthreads failed with the following output:
Change Dir: /home/vuongld/work/Software-Platform--cpp-challenge/draftImplementation/src/CMakeFiles/CMakeTmp

Run Build Command(s):/usr/bin/make cmTC_25e94/fast && /usr/bin/make -f CMakeFiles/cmTC_25e94.dir/build.make CMakeFiles/cmTC_25e94.dir/build
make[1]: Entering directory '/home/vuongld/work/Software-Platform--cpp-challenge/draftImplementation/src/CMakeFiles/CMakeTmp'
Building CXX object CMakeFiles/cmTC_25e94.dir/CheckFunctionExists.cxx.o
/usr/bin/c++    -std=c++11 -DCHECK_FUNCTION_EXISTS=pthread_create   -o CMakeFiles/cmTC_25e94.dir/CheckFunctionExists.cxx.o -c /home/vuongld/work/Software-Platform--cpp-challenge/draftImplementation/src/CMakeFiles/CheckLibraryExists/CheckFunctionExists.cxx
Linking CXX executable cmTC_25e94
/usr/bin/cmake -E cmake_link_script CMakeFiles/cmTC_25e94.dir/link.txt --verbose=1
/usr/bin/c++   -std=c++11 -DCHECK_FUNCTION_EXISTS=pthread_create    -rdynamic CMakeFiles/cmTC_25e94.dir/CheckFunctionExists.cxx.o  -o cmTC_25e94  -lpthreads 
/usr/bin/ld: cannot find -lpthreads
collect2: error: ld returned 1 exit status
make[1]: *** [CMakeFiles/cmTC_25e94.dir/build.make:87: cmTC_25e94] Error 1
make[1]: Leaving directory '/home/vuongld/work/Software-Platform--cpp-challenge/draftImplementation/src/CMakeFiles/CMakeTmp'
make: *** [Makefile:121: cmTC_25e94/fast] Error 2



